2021-05-07 00:07:08 |INFO  |main |SpringApplication.java:655 |CodeGenerator |The following profiles are active: dev
2021-05-07 00:07:09 |INFO  |main |RepositoryConfigurationDelegate.java:249 |org.springframework.data.repository.config.RepositoryConfigurationDelegate |Multiple Spring Data modules found, entering strict repository configuration mode!
2021-05-07 00:07:09 |INFO  |main |RepositoryConfigurationDelegate.java:127 |org.springframework.data.repository.config.RepositoryConfigurationDelegate |Bootstrapping Spring Data Redis repositories in DEFAULT mode.
2021-05-07 00:07:09 |INFO  |main |RepositoryConfigurationDelegate.java:187 |org.springframework.data.repository.config.RepositoryConfigurationDelegate |Finished Spring Data repository scanning in 12ms. Found 0 Redis repository interfaces.
2021-05-07 00:07:10 |INFO  |main |GenericScope.java:295 |org.springframework.cloud.context.scope.GenericScope |BeanFactory id=a9d71dd6-c66d-3329-b50b-41f33bc8bc72
2021-05-07 00:07:11 |INFO  |main |PostProcessorRegistrationDelegate.java:330 |org.springframework.context.support.PostProcessorRegistrationDelegate$BeanPostProcessorChecker |Bean 'org.springframework.transaction.annotation.ProxyTransactionManagementConfiguration' of type [org.springframework.transaction.annotation.ProxyTransactionManagementConfiguration] is not eligible for getting processed by all BeanPostProcessors (for example: not eligible for auto-proxying)
2021-05-07 00:07:11 |INFO  |main |PostProcessorRegistrationDelegate.java:330 |org.springframework.context.support.PostProcessorRegistrationDelegate$BeanPostProcessorChecker |Bean 'spring.cloud.sentinel-com.alibaba.cloud.sentinel.SentinelProperties' of type [com.alibaba.cloud.sentinel.SentinelProperties] is not eligible for getting processed by all BeanPostProcessors (for example: not eligible for auto-proxying)
2021-05-07 00:07:11 |INFO  |main |PostProcessorRegistrationDelegate.java:330 |org.springframework.context.support.PostProcessorRegistrationDelegate$BeanPostProcessorChecker |Bean 'com.alibaba.cloud.sentinel.custom.SentinelAutoConfiguration' of type [com.alibaba.cloud.sentinel.custom.SentinelAutoConfiguration$$EnhancerBySpringCGLIB$$d27123ef] is not eligible for getting processed by all BeanPostProcessors (for example: not eligible for auto-proxying)
2021-05-07 00:07:17 |INFO  |main |EpollProvider.java:68 |io.lettuce.core.EpollProvider |Starting without optional epoll library
2021-05-07 00:07:17 |INFO  |main |KqueueProvider.java:70 |io.lettuce.core.KqueueProvider |Starting without optional kqueue library
2021-05-07 00:07:20 |INFO  |main |PropertySourcedRequestMappingHandlerMapping.java:69 |springfox.documentation.spring.web.PropertySourcedRequestMappingHandlerMapping |Mapped URL path [/v2/api-docs] onto method [springfox.documentation.swagger2.web.Swagger2Controller#getDocumentation(String, HttpServletRequest)]
2021-05-07 00:07:21 |INFO  |main |URLConfigurationSource.java:122 |com.netflix.config.sources.URLConfigurationSource |To enable URLs as dynamic configuration sources, define System property archaius.configurationSource.additionalUrls or make config.properties available on classpath.
2021-05-07 00:07:21 |INFO  |main |URLConfigurationSource.java:122 |com.netflix.config.sources.URLConfigurationSource |To enable URLs as dynamic configuration sources, define System property archaius.configurationSource.additionalUrls or make config.properties available on classpath.
2021-05-07 00:07:21 |INFO  |main |ExecutorConfigurationSupport.java:171 |org.springframework.scheduling.concurrent.ThreadPoolTaskExecutor |Initializing ExecutorService 'applicationTaskExecutor'
2021-05-07 00:07:24 |INFO  |main |ExecutorConfigurationSupport.java:171 |org.springframework.scheduling.concurrent.ThreadPoolTaskScheduler |Initializing ExecutorService
2021-05-07 00:07:24 |INFO  |main |SentinelWebAutoConfiguration.java:96 |com.alibaba.cloud.sentinel.SentinelWebAutoConfiguration |[Sentinel Starter] register Sentinel CommonFilter with urlPatterns: [/*].
2021-05-07 00:07:29 |INFO  |main |DocumentationPluginsBootstrapper.java:147 |springfox.documentation.spring.web.plugins.DocumentationPluginsBootstrapper |Context refreshed
2021-05-07 00:07:29 |INFO  |main |DocumentationPluginsBootstrapper.java:150 |springfox.documentation.spring.web.plugins.DocumentationPluginsBootstrapper |Found 2 custom documentation plugin(s)
2021-05-07 00:07:29 |INFO  |main |ApiListingReferenceScanner.java:41 |springfox.documentation.spring.web.scanners.ApiListingReferenceScanner |Scanning for api listing references
2021-05-07 00:07:29 |INFO  |main |ApiListingReferenceScanner.java:41 |springfox.documentation.spring.web.scanners.ApiListingReferenceScanner |Scanning for api listing references
2021-05-07 00:07:30 |INFO  |main |ScheduledAnnotationBeanPostProcessor.java:297 |org.springframework.scheduling.annotation.ScheduledAnnotationBeanPostProcessor |No TaskScheduler/ScheduledExecutorService bean found for scheduled processing
2021-05-07 00:07:30 |INFO  |main |StartupInfoLogger.java:61 |CodeGenerator |Started CodeGenerator in 27.524 seconds (JVM running for 29.137)
2021-05-07 00:07:31 |INFO  |main |HikariDataSource.java:110 |com.zaxxer.hikari.HikariDataSource |HikariPool-1 - Starting...
2021-05-07 00:07:31 |INFO  |main |HikariDataSource.java:123 |com.zaxxer.hikari.HikariDataSource |HikariPool-1 - Start completed.
2021-05-07 00:07:31 |INFO  |main |MyMetaObjectHandler.java:20 |com.lcl.college.service.base.handler.MyMetaObjectHandler |start insert fill ....
2021-05-07 00:07:31 |INFO  |main |MyMetaObjectHandler.java:20 |com.lcl.college.service.base.handler.MyMetaObjectHandler |start insert fill ....
2021-05-07 00:07:31 |INFO  |main |MyMetaObjectHandler.java:20 |com.lcl.college.service.base.handler.MyMetaObjectHandler |start insert fill ....
2021-05-07 00:07:31 |INFO  |main |MyMetaObjectHandler.java:20 |com.lcl.college.service.base.handler.MyMetaObjectHandler |start insert fill ....
2021-05-07 00:07:31 |INFO  |main |MyMetaObjectHandler.java:20 |com.lcl.college.service.base.handler.MyMetaObjectHandler |start insert fill ....
2021-05-07 00:07:31 |INFO  |main |MyMetaObjectHandler.java:20 |com.lcl.college.service.base.handler.MyMetaObjectHandler |start insert fill ....
2021-05-07 00:07:31 |INFO  |main |MyMetaObjectHandler.java:20 |com.lcl.college.service.base.handler.MyMetaObjectHandler |start insert fill ....
2021-05-07 00:07:31 |INFO  |main |MyMetaObjectHandler.java:20 |com.lcl.college.service.base.handler.MyMetaObjectHandler |start insert fill ....
2021-05-07 00:07:31 |INFO  |main |MyMetaObjectHandler.java:20 |com.lcl.college.service.base.handler.MyMetaObjectHandler |start insert fill ....
2021-05-07 00:07:31 |INFO  |main |MyMetaObjectHandler.java:20 |com.lcl.college.service.base.handler.MyMetaObjectHandler |start insert fill ....
2021-05-07 00:07:31 |INFO  |main |MyMetaObjectHandler.java:20 |com.lcl.college.service.base.handler.MyMetaObjectHandler |start insert fill ....
2021-05-07 00:07:31 |INFO  |main |MyMetaObjectHandler.java:20 |com.lcl.college.service.base.handler.MyMetaObjectHandler |start insert fill ....
2021-05-07 00:07:31 |INFO  |main |MyMetaObjectHandler.java:20 |com.lcl.college.service.base.handler.MyMetaObjectHandler |start insert fill ....
2021-05-07 00:07:31 |INFO  |main |MyMetaObjectHandler.java:20 |com.lcl.college.service.base.handler.MyMetaObjectHandler |start insert fill ....
2021-05-07 00:07:32 |INFO  |main |MyMetaObjectHandler.java:20 |com.lcl.college.service.base.handler.MyMetaObjectHandler |start insert fill ....
2021-05-07 00:07:32 |INFO  |main |MyMetaObjectHandler.java:20 |com.lcl.college.service.base.handler.MyMetaObjectHandler |start insert fill ....
2021-05-07 00:07:32 |INFO  |main |MyMetaObjectHandler.java:20 |com.lcl.college.service.base.handler.MyMetaObjectHandler |start insert fill ....
2021-05-07 00:07:32 |INFO  |main |MyMetaObjectHandler.java:20 |com.lcl.college.service.base.handler.MyMetaObjectHandler |start insert fill ....
2021-05-07 00:07:32 |INFO  |main |MyMetaObjectHandler.java:20 |com.lcl.college.service.base.handler.MyMetaObjectHandler |start insert fill ....
2021-05-07 00:07:32 |INFO  |main |MyMetaObjectHandler.java:20 |com.lcl.college.service.base.handler.MyMetaObjectHandler |start insert fill ....
2021-05-07 00:07:32 |INFO  |main |MyMetaObjectHandler.java:20 |com.lcl.college.service.base.handler.MyMetaObjectHandler |start insert fill ....
2021-05-07 00:07:32 |INFO  |main |MyMetaObjectHandler.java:20 |com.lcl.college.service.base.handler.MyMetaObjectHandler |start insert fill ....
2021-05-07 00:07:32 |INFO  |main |MyMetaObjectHandler.java:20 |com.lcl.college.service.base.handler.MyMetaObjectHandler |start insert fill ....
2021-05-07 00:07:32 |INFO  |main |MyMetaObjectHandler.java:20 |com.lcl.college.service.base.handler.MyMetaObjectHandler |start insert fill ....
2021-05-07 00:07:32 |INFO  |main |MyMetaObjectHandler.java:20 |com.lcl.college.service.base.handler.MyMetaObjectHandler |start insert fill ....
2021-05-07 00:07:32 |INFO  |main |MyMetaObjectHandler.java:20 |com.lcl.college.service.base.handler.MyMetaObjectHandler |start insert fill ....
2021-05-07 00:07:32 |INFO  |main |MyMetaObjectHandler.java:20 |com.lcl.college.service.base.handler.MyMetaObjectHandler |start insert fill ....
2021-05-07 00:07:32 |INFO  |main |MyMetaObjectHandler.java:20 |com.lcl.college.service.base.handler.MyMetaObjectHandler |start insert fill ....
2021-05-07 00:07:32 |INFO  |main |MyMetaObjectHandler.java:20 |com.lcl.college.service.base.handler.MyMetaObjectHandler |start insert fill ....
2021-05-07 00:07:32 |INFO  |main |MyMetaObjectHandler.java:20 |com.lcl.college.service.base.handler.MyMetaObjectHandler |start insert fill ....
2021-05-07 00:07:32 |INFO  |main |MyMetaObjectHandler.java:20 |com.lcl.college.service.base.handler.MyMetaObjectHandler |start insert fill ....
2021-05-07 00:07:32 |INFO  |main |MyMetaObjectHandler.java:20 |com.lcl.college.service.base.handler.MyMetaObjectHandler |start insert fill ....
2021-05-07 00:07:32 |INFO  |main |MyMetaObjectHandler.java:20 |com.lcl.college.service.base.handler.MyMetaObjectHandler |start insert fill ....
2021-05-07 00:07:32 |INFO  |main |MyMetaObjectHandler.java:20 |com.lcl.college.service.base.handler.MyMetaObjectHandler |start insert fill ....
2021-05-07 00:07:32 |INFO  |main |MyMetaObjectHandler.java:20 |com.lcl.college.service.base.handler.MyMetaObjectHandler |start insert fill ....
2021-05-07 00:07:32 |INFO  |main |MyMetaObjectHandler.java:20 |com.lcl.college.service.base.handler.MyMetaObjectHandler |start insert fill ....
2021-05-07 00:07:32 |INFO  |main |MyMetaObjectHandler.java:20 |com.lcl.college.service.base.handler.MyMetaObjectHandler |start insert fill ....
2021-05-07 00:07:32 |INFO  |main |MyMetaObjectHandler.java:20 |com.lcl.college.service.base.handler.MyMetaObjectHandler |start insert fill ....
2021-05-07 00:07:32 |INFO  |main |MyMetaObjectHandler.java:20 |com.lcl.college.service.base.handler.MyMetaObjectHandler |start insert fill ....
2021-05-07 00:07:32 |INFO  |main |MyMetaObjectHandler.java:20 |com.lcl.college.service.base.handler.MyMetaObjectHandler |start insert fill ....
2021-05-07 00:07:32 |INFO  |main |MyMetaObjectHandler.java:20 |com.lcl.college.service.base.handler.MyMetaObjectHandler |start insert fill ....
2021-05-07 00:07:32 |INFO  |main |MyMetaObjectHandler.java:20 |com.lcl.college.service.base.handler.MyMetaObjectHandler |start insert fill ....
2021-05-07 00:07:32 |INFO  |main |MyMetaObjectHandler.java:20 |com.lcl.college.service.base.handler.MyMetaObjectHandler |start insert fill ....
2021-05-07 00:07:32 |INFO  |main |MyMetaObjectHandler.java:20 |com.lcl.college.service.base.handler.MyMetaObjectHandler |start insert fill ....
2021-05-07 00:07:32 |INFO  |main |MyMetaObjectHandler.java:20 |com.lcl.college.service.base.handler.MyMetaObjectHandler |start insert fill ....
2021-05-07 00:07:32 |INFO  |main |MyMetaObjectHandler.java:20 |com.lcl.college.service.base.handler.MyMetaObjectHandler |start insert fill ....
2021-05-07 00:07:32 |INFO  |main |MyMetaObjectHandler.java:20 |com.lcl.college.service.base.handler.MyMetaObjectHandler |start insert fill ....
2021-05-07 00:07:32 |INFO  |main |MyMetaObjectHandler.java:20 |com.lcl.college.service.base.handler.MyMetaObjectHandler |start insert fill ....
2021-05-07 00:07:32 |INFO  |main |MyMetaObjectHandler.java:20 |com.lcl.college.service.base.handler.MyMetaObjectHandler |start insert fill ....
2021-05-07 00:07:32 |INFO  |main |MyMetaObjectHandler.java:20 |com.lcl.college.service.base.handler.MyMetaObjectHandler |start insert fill ....
2021-05-07 00:07:32 |INFO  |main |MyMetaObjectHandler.java:20 |com.lcl.college.service.base.handler.MyMetaObjectHandler |start insert fill ....
2021-05-07 00:07:32 |INFO  |main |MyMetaObjectHandler.java:20 |com.lcl.college.service.base.handler.MyMetaObjectHandler |start insert fill ....
2021-05-07 00:07:32 |INFO  |main |MyMetaObjectHandler.java:20 |com.lcl.college.service.base.handler.MyMetaObjectHandler |start insert fill ....
2021-05-07 00:07:32 |INFO  |main |MyMetaObjectHandler.java:20 |com.lcl.college.service.base.handler.MyMetaObjectHandler |start insert fill ....
2021-05-07 00:07:32 |INFO  |main |MyMetaObjectHandler.java:20 |com.lcl.college.service.base.handler.MyMetaObjectHandler |start insert fill ....
2021-05-07 00:07:32 |INFO  |main |MyMetaObjectHandler.java:20 |com.lcl.college.service.base.handler.MyMetaObjectHandler |start insert fill ....
2021-05-07 00:07:32 |INFO  |main |MyMetaObjectHandler.java:20 |com.lcl.college.service.base.handler.MyMetaObjectHandler |start insert fill ....
2021-05-07 00:07:32 |INFO  |main |MyMetaObjectHandler.java:20 |com.lcl.college.service.base.handler.MyMetaObjectHandler |start insert fill ....
2021-05-07 00:07:32 |INFO  |main |MyMetaObjectHandler.java:20 |com.lcl.college.service.base.handler.MyMetaObjectHandler |start insert fill ....
2021-05-07 00:07:32 |INFO  |main |MyMetaObjectHandler.java:20 |com.lcl.college.service.base.handler.MyMetaObjectHandler |start insert fill ....
2021-05-07 00:07:32 |INFO  |main |MyMetaObjectHandler.java:20 |com.lcl.college.service.base.handler.MyMetaObjectHandler |start insert fill ....
2021-05-07 00:07:32 |INFO  |main |MyMetaObjectHandler.java:20 |com.lcl.college.service.base.handler.MyMetaObjectHandler |start insert fill ....
2021-05-07 00:07:32 |INFO  |main |MyMetaObjectHandler.java:20 |com.lcl.college.service.base.handler.MyMetaObjectHandler |start insert fill ....
2021-05-07 00:07:32 |INFO  |main |MyMetaObjectHandler.java:20 |com.lcl.college.service.base.handler.MyMetaObjectHandler |start insert fill ....
2021-05-07 00:07:32 |INFO  |main |MyMetaObjectHandler.java:20 |com.lcl.college.service.base.handler.MyMetaObjectHandler |start insert fill ....
2021-05-07 00:07:32 |INFO  |main |MyMetaObjectHandler.java:20 |com.lcl.college.service.base.handler.MyMetaObjectHandler |start insert fill ....
2021-05-07 00:07:32 |INFO  |main |MyMetaObjectHandler.java:20 |com.lcl.college.service.base.handler.MyMetaObjectHandler |start insert fill ....
2021-05-07 00:07:33 |INFO  |main |MyMetaObjectHandler.java:20 |com.lcl.college.service.base.handler.MyMetaObjectHandler |start insert fill ....
2021-05-07 00:07:33 |INFO  |main |MyMetaObjectHandler.java:20 |com.lcl.college.service.base.handler.MyMetaObjectHandler |start insert fill ....
2021-05-07 00:07:33 |INFO  |main |MyMetaObjectHandler.java:20 |com.lcl.college.service.base.handler.MyMetaObjectHandler |start insert fill ....
2021-05-07 00:07:33 |INFO  |main |MyMetaObjectHandler.java:20 |com.lcl.college.service.base.handler.MyMetaObjectHandler |start insert fill ....
2021-05-07 00:07:33 |INFO  |main |MyMetaObjectHandler.java:20 |com.lcl.college.service.base.handler.MyMetaObjectHandler |start insert fill ....
2021-05-07 00:07:33 |INFO  |main |MyMetaObjectHandler.java:20 |com.lcl.college.service.base.handler.MyMetaObjectHandler |start insert fill ....
2021-05-07 00:07:33 |INFO  |main |MyMetaObjectHandler.java:20 |com.lcl.college.service.base.handler.MyMetaObjectHandler |start insert fill ....
2021-05-07 00:07:33 |INFO  |main |MyMetaObjectHandler.java:20 |com.lcl.college.service.base.handler.MyMetaObjectHandler |start insert fill ....
2021-05-07 00:07:33 |INFO  |main |MyMetaObjectHandler.java:20 |com.lcl.college.service.base.handler.MyMetaObjectHandler |start insert fill ....
2021-05-07 00:07:33 |INFO  |main |MyMetaObjectHandler.java:20 |com.lcl.college.service.base.handler.MyMetaObjectHandler |start insert fill ....
2021-05-07 00:07:33 |INFO  |main |MyMetaObjectHandler.java:20 |com.lcl.college.service.base.handler.MyMetaObjectHandler |start insert fill ....
2021-05-07 00:07:33 |INFO  |main |MyMetaObjectHandler.java:20 |com.lcl.college.service.base.handler.MyMetaObjectHandler |start insert fill ....
2021-05-07 00:07:33 |INFO  |main |MyMetaObjectHandler.java:20 |com.lcl.college.service.base.handler.MyMetaObjectHandler |start insert fill ....
2021-05-07 00:07:33 |INFO  |main |MyMetaObjectHandler.java:20 |com.lcl.college.service.base.handler.MyMetaObjectHandler |start insert fill ....
2021-05-07 00:07:33 |INFO  |main |MyMetaObjectHandler.java:20 |com.lcl.college.service.base.handler.MyMetaObjectHandler |start insert fill ....
2021-05-07 00:07:33 |INFO  |main |MyMetaObjectHandler.java:20 |com.lcl.college.service.base.handler.MyMetaObjectHandler |start insert fill ....
2021-05-07 00:07:33 |INFO  |main |MyMetaObjectHandler.java:20 |com.lcl.college.service.base.handler.MyMetaObjectHandler |start insert fill ....
2021-05-07 00:07:33 |INFO  |main |MyMetaObjectHandler.java:20 |com.lcl.college.service.base.handler.MyMetaObjectHandler |start insert fill ....
2021-05-07 00:07:33 |INFO  |main |MyMetaObjectHandler.java:20 |com.lcl.college.service.base.handler.MyMetaObjectHandler |start insert fill ....
2021-05-07 00:07:33 |INFO  |main |MyMetaObjectHandler.java:20 |com.lcl.college.service.base.handler.MyMetaObjectHandler |start insert fill ....
2021-05-07 00:07:33 |INFO  |main |MyMetaObjectHandler.java:20 |com.lcl.college.service.base.handler.MyMetaObjectHandler |start insert fill ....
2021-05-07 00:07:33 |INFO  |main |MyMetaObjectHandler.java:20 |com.lcl.college.service.base.handler.MyMetaObjectHandler |start insert fill ....
2021-05-07 00:07:33 |INFO  |main |MyMetaObjectHandler.java:20 |com.lcl.college.service.base.handler.MyMetaObjectHandler |start insert fill ....
2021-05-07 00:07:33 |INFO  |main |MyMetaObjectHandler.java:20 |com.lcl.college.service.base.handler.MyMetaObjectHandler |start insert fill ....
2021-05-07 00:07:33 |INFO  |main |MyMetaObjectHandler.java:20 |com.lcl.college.service.base.handler.MyMetaObjectHandler |start insert fill ....
2021-05-07 00:07:33 |INFO  |main |MyMetaObjectHandler.java:20 |com.lcl.college.service.base.handler.MyMetaObjectHandler |start insert fill ....
2021-05-07 00:07:33 |INFO  |main |MyMetaObjectHandler.java:20 |com.lcl.college.service.base.handler.MyMetaObjectHandler |start insert fill ....
2021-05-07 00:07:33 |INFO  |main |MyMetaObjectHandler.java:20 |com.lcl.college.service.base.handler.MyMetaObjectHandler |start insert fill ....
2021-05-07 00:07:33 |INFO  |main |MyMetaObjectHandler.java:20 |com.lcl.college.service.base.handler.MyMetaObjectHandler |start insert fill ....
2021-05-07 00:07:33 |INFO  |main |MyMetaObjectHandler.java:20 |com.lcl.college.service.base.handler.MyMetaObjectHandler |start insert fill ....
2021-05-07 00:07:33 |INFO  |main |MyMetaObjectHandler.java:20 |com.lcl.college.service.base.handler.MyMetaObjectHandler |start insert fill ....
2021-05-07 00:07:33 |INFO  |main |MyMetaObjectHandler.java:20 |com.lcl.college.service.base.handler.MyMetaObjectHandler |start insert fill ....
2021-05-07 00:07:33 |INFO  |main |MyMetaObjectHandler.java:20 |com.lcl.college.service.base.handler.MyMetaObjectHandler |start insert fill ....
2021-05-07 00:07:33 |INFO  |main |MyMetaObjectHandler.java:20 |com.lcl.college.service.base.handler.MyMetaObjectHandler |start insert fill ....
2021-05-07 00:07:33 |INFO  |main |MyMetaObjectHandler.java:20 |com.lcl.college.service.base.handler.MyMetaObjectHandler |start insert fill ....
2021-05-07 00:07:33 |INFO  |main |MyMetaObjectHandler.java:20 |com.lcl.college.service.base.handler.MyMetaObjectHandler |start insert fill ....
2021-05-07 00:07:33 |INFO  |main |MyMetaObjectHandler.java:20 |com.lcl.college.service.base.handler.MyMetaObjectHandler |start insert fill ....
2021-05-07 00:07:33 |INFO  |main |MyMetaObjectHandler.java:20 |com.lcl.college.service.base.handler.MyMetaObjectHandler |start insert fill ....
2021-05-07 00:07:33 |INFO  |main |MyMetaObjectHandler.java:20 |com.lcl.college.service.base.handler.MyMetaObjectHandler |start insert fill ....
2021-05-07 00:07:33 |INFO  |main |MyMetaObjectHandler.java:20 |com.lcl.college.service.base.handler.MyMetaObjectHandler |start insert fill ....
2021-05-07 00:07:33 |INFO  |main |MyMetaObjectHandler.java:20 |com.lcl.college.service.base.handler.MyMetaObjectHandler |start insert fill ....
2021-05-07 00:07:33 |INFO  |main |MyMetaObjectHandler.java:20 |com.lcl.college.service.base.handler.MyMetaObjectHandler |start insert fill ....
2021-05-07 00:07:33 |INFO  |main |MyMetaObjectHandler.java:20 |com.lcl.college.service.base.handler.MyMetaObjectHandler |start insert fill ....
2021-05-07 00:07:33 |INFO  |main |MyMetaObjectHandler.java:20 |com.lcl.college.service.base.handler.MyMetaObjectHandler |start insert fill ....
2021-05-07 00:07:33 |INFO  |main |MyMetaObjectHandler.java:20 |com.lcl.college.service.base.handler.MyMetaObjectHandler |start insert fill ....
2021-05-07 00:07:33 |INFO  |main |MyMetaObjectHandler.java:20 |com.lcl.college.service.base.handler.MyMetaObjectHandler |start insert fill ....
2021-05-07 00:07:33 |INFO  |main |MyMetaObjectHandler.java:20 |com.lcl.college.service.base.handler.MyMetaObjectHandler |start insert fill ....
2021-05-07 00:07:33 |INFO  |main |MyMetaObjectHandler.java:20 |com.lcl.college.service.base.handler.MyMetaObjectHandler |start insert fill ....
2021-05-07 00:07:33 |INFO  |main |MyMetaObjectHandler.java:20 |com.lcl.college.service.base.handler.MyMetaObjectHandler |start insert fill ....
2021-05-07 00:07:33 |INFO  |main |MyMetaObjectHandler.java:20 |com.lcl.college.service.base.handler.MyMetaObjectHandler |start insert fill ....
2021-05-07 00:07:33 |INFO  |main |MyMetaObjectHandler.java:20 |com.lcl.college.service.base.handler.MyMetaObjectHandler |start insert fill ....
2021-05-07 00:07:33 |INFO  |main |MyMetaObjectHandler.java:20 |com.lcl.college.service.base.handler.MyMetaObjectHandler |start insert fill ....
2021-05-07 00:07:33 |INFO  |main |MyMetaObjectHandler.java:20 |com.lcl.college.service.base.handler.MyMetaObjectHandler |start insert fill ....
2021-05-07 00:07:33 |INFO  |main |MyMetaObjectHandler.java:20 |com.lcl.college.service.base.handler.MyMetaObjectHandler |start insert fill ....
2021-05-07 00:07:33 |INFO  |main |MyMetaObjectHandler.java:20 |com.lcl.college.service.base.handler.MyMetaObjectHandler |start insert fill ....
2021-05-07 00:07:33 |INFO  |main |MyMetaObjectHandler.java:20 |com.lcl.college.service.base.handler.MyMetaObjectHandler |start insert fill ....
2021-05-07 00:07:33 |INFO  |main |MyMetaObjectHandler.java:20 |com.lcl.college.service.base.handler.MyMetaObjectHandler |start insert fill ....
2021-05-07 00:07:33 |INFO  |main |MyMetaObjectHandler.java:20 |com.lcl.college.service.base.handler.MyMetaObjectHandler |start insert fill ....
2021-05-07 00:07:33 |INFO  |main |MyMetaObjectHandler.java:20 |com.lcl.college.service.base.handler.MyMetaObjectHandler |start insert fill ....
2021-05-07 00:07:33 |INFO  |main |MyMetaObjectHandler.java:20 |com.lcl.college.service.base.handler.MyMetaObjectHandler |start insert fill ....
2021-05-07 00:07:33 |INFO  |main |MyMetaObjectHandler.java:20 |com.lcl.college.service.base.handler.MyMetaObjectHandler |start insert fill ....
2021-05-07 00:07:33 |INFO  |main |MyMetaObjectHandler.java:20 |com.lcl.college.service.base.handler.MyMetaObjectHandler |start insert fill ....
2021-05-07 00:07:34 |INFO  |SpringContextShutdownHook |ExecutorConfigurationSupport.java:208 |org.springframework.scheduling.concurrent.ThreadPoolTaskExecutor |Shutting down ExecutorService 'applicationTaskExecutor'
2021-05-07 00:07:34 |INFO  |SpringContextShutdownHook |HikariDataSource.java:350 |com.zaxxer.hikari.HikariDataSource |HikariPool-1 - Shutdown initiated...
2021-05-07 00:07:34 |INFO  |SpringContextShutdownHook |HikariDataSource.java:352 |com.zaxxer.hikari.HikariDataSource |HikariPool-1 - Shutdown completed.
